[debug] [2026-03-02T23:19:36.594Z] ----------------------------------------------------------------------
[debug] [2026-03-02T23:19:36.596Z] Command:       /nix/store/ws50yvm6vzlzf7jzz6n7xh4szddrack1-nodejs-20.19.1/bin/node /nix/store/gm9mcvzb17vv8cla08khrg29vxn3sq4r-firebase-tools-15.1.0/lib/node_modules/firebase-tools/lib/bin/firebase.js init hosting
[debug] [2026-03-02T23:19:36.597Z] CLI Version:   15.1.0
[debug] [2026-03-02T23:19:36.597Z] Platform:      linux
[debug] [2026-03-02T23:19:36.597Z] Node Version:  v20.19.1
[debug] [2026-03-02T23:19:36.597Z] Time:          Mon Mar 02 2026 23:19:36 GMT+0000 (Coordinated Universal Time)
[debug] [2026-03-02T23:19:36.597Z] ----------------------------------------------------------------------
[debug] 
[debug] [2026-03-02T23:19:38.640Z] No OAuth tokens found
[debug] [2026-03-02T23:19:38.641Z] No OAuth tokens found
[error] Failed to fetch Firebase Project from current Studio Workspace: Unable to refresh auth: not yet authenticated.
[info] 
     ######## #### ########  ######## ########     ###     ######  ########
     ##        ##  ##     ## ##       ##     ##  ##   ##  ##       ##
     ######    ##  ########  ######   ########  #########  ######  ######
     ##        ##  ##    ##  ##       ##     ## ##     ##       ## ##
     ##       #### ##     ## ######## ########  ##     ##  ######  ########

You're about to initialize a Firebase project in this directory:

  /home/user/Flux340

Before we get started, keep in mind:

  * You are initializing within an existing Firebase project directory

[info] 
=== Project Setup
[info] 
[info] First, let's associate this project directory with a Firebase project.
[info] You can create multiple project aliases by running firebase use --add, 
[info] 
